<?xml version="1.0" encoding="utf-8"?>
<test-results name="Test results" date="2015-05-06" time="13:04:56" total="2" failures="0" not-run="0">
  <test-suite name="xUnit.net Tests" success="True" time="0.224">
    <results>
      <test-suite name="C:\Projects\Beverages\Source\IPC.Beverages.Import\IPC.Beverages.Import.Test\bin\Release\IPC.Beverages.Import.Test.DLL" success="True" time="0.224">
        <results>
          <test-suite name="Test collection for IPC.Beverages.Import.Test.TestClass" success="True" time="0.121">
            <results>
              <test-case name="IPC.Beverages.Import.Test.TestClass.SomeTrueTest" executed="True" success="True" time="0.120209" />
              <test-case name="IPC.Beverages.Import.Test.TestClass.SomeFalseTest" executed="True" success="True" time="0.0006547" />
            </results>
          </test-suite>
        </results>
      </test-suite>
    </results>
  </test-suite>
</test-results>